[debug] [2020-03-06T04:20:15.063Z] ----------------------------------------------------------------------
[debug] [2020-03-06T04:20:15.066Z] Command:       C:\Program Files\nodejs\node.exe C:\Program Files\nodejs\node_modules\firebase-tools\lib\bin\firebase.js serve --only hosting
[debug] [2020-03-06T04:20:15.066Z] CLI Version:   7.14.0
[debug] [2020-03-06T04:20:15.066Z] Platform:      win32
[debug] [2020-03-06T04:20:15.066Z] Node Version:  v12.11.0
[debug] [2020-03-06T04:20:15.067Z] Time:          Thu Mar 05 2020 23:20:15 GMT-0500 (Eastern Standard Time)
[debug] [2020-03-06T04:20:15.067Z] ----------------------------------------------------------------------
[debug] [2020-03-06T04:20:15.067Z] 
[debug] [2020-03-06T04:20:15.074Z] > command requires scopes: ["email","openid","https://www.googleapis.com/auth/cloudplatformprojects.readonly","https://www.googleapis.com/auth/firebase","https://www.googleapis.com/auth/cloud-platform"]
[debug] [2020-03-06T04:20:15.075Z] > authorizing via signed-in user
[debug] [2020-03-06T04:20:15.075Z] [iam] checking project jeopardy-270000 for permissions ["firebase.projects.get"]
[debug] [2020-03-06T04:20:15.076Z] >>> HTTP REQUEST POST https://cloudresourcemanager.googleapis.com/v1/projects/jeopardy-270000:testIamPermissions  

[debug] [2020-03-06T04:20:15.462Z] <<< HTTP RESPONSE 200
[debug] [2020-03-06T04:20:15.467Z] >>> HTTP REQUEST GET https://firebase.googleapis.com/v1beta1/projects/jeopardy-270000  
 
[debug] [2020-03-06T04:20:15.796Z] <<< HTTP RESPONSE 200
[debug] [2020-03-06T04:20:15.799Z] >>> HTTP REQUEST GET https://firebase.googleapis.com/v1beta1/projects/jeopardy-270000/webApps/-/config  
 
[debug] [2020-03-06T04:20:16.411Z] <<< HTTP RESPONSE 200
[info] i  hosting: Serving hosting files from: build
[info] +  hosting: Local server: http://localhost:5000
[debug] [2020-03-06T04:22:18.448Z] ----------------------------------------------------------------------
[debug] [2020-03-06T04:22:18.450Z] Command:       C:\Program Files\nodejs\node.exe C:\Program Files\nodejs\node_modules\firebase-tools\lib\bin\firebase.js serve --only hosting
[debug] [2020-03-06T04:22:18.450Z] CLI Version:   7.14.0
[debug] [2020-03-06T04:22:18.450Z] Platform:      win32
[debug] [2020-03-06T04:22:18.450Z] Node Version:  v12.11.0
[debug] [2020-03-06T04:22:18.451Z] Time:          Thu Mar 05 2020 23:22:18 GMT-0500 (Eastern Standard Time)
[debug] [2020-03-06T04:22:18.451Z] ----------------------------------------------------------------------
[debug] [2020-03-06T04:22:18.451Z] 
[debug] [2020-03-06T04:22:18.459Z] > command requires scopes: ["email","openid","https://www.googleapis.com/auth/cloudplatformprojects.readonly","https://www.googleapis.com/auth/firebase","https://www.googleapis.com/auth/cloud-platform"]
[debug] [2020-03-06T04:22:18.459Z] > authorizing via signed-in user
[debug] [2020-03-06T04:22:18.460Z] [iam] checking project jeopardy-270000 for permissions ["firebase.projects.get"]
[debug] [2020-03-06T04:22:18.461Z] >>> HTTP REQUEST POST https://cloudresourcemanager.googleapis.com/v1/projects/jeopardy-270000:testIamPermissions  

[debug] [2020-03-06T04:22:18.889Z] <<< HTTP RESPONSE 200
[debug] [2020-03-06T04:22:18.892Z] >>> HTTP REQUEST GET https://firebase.googleapis.com/v1beta1/projects/jeopardy-270000  
 
[debug] [2020-03-06T04:22:19.293Z] <<< HTTP RESPONSE 200
[debug] [2020-03-06T04:22:19.296Z] >>> HTTP REQUEST GET https://firebase.googleapis.com/v1beta1/projects/jeopardy-270000/webApps/-/config  
 
[debug] [2020-03-06T04:22:19.803Z] <<< HTTP RESPONSE 200
[info] i  hosting: Serving hosting files from: public
[info] +  hosting: Local server: http://localhost:5000
[debug] [2020-03-06T04:26:48.627Z] ----------------------------------------------------------------------
[debug] [2020-03-06T04:26:48.630Z] Command:       C:\Program Files\nodejs\node.exe C:\Program Files\nodejs\node_modules\firebase-tools\lib\bin\firebase.js serve --only hosting
[debug] [2020-03-06T04:26:48.630Z] CLI Version:   7.14.0
[debug] [2020-03-06T04:26:48.630Z] Platform:      win32
[debug] [2020-03-06T04:26:48.630Z] Node Version:  v12.11.0
[debug] [2020-03-06T04:26:48.631Z] Time:          Thu Mar 05 2020 23:26:48 GMT-0500 (Eastern Standard Time)
[debug] [2020-03-06T04:26:48.631Z] ----------------------------------------------------------------------
[debug] [2020-03-06T04:26:48.631Z] 
[debug] [2020-03-06T04:26:48.637Z] > command requires scopes: ["email","openid","https://www.googleapis.com/auth/cloudplatformprojects.readonly","https://www.googleapis.com/auth/firebase","https://www.googleapis.com/auth/cloud-platform"]
[debug] [2020-03-06T04:26:48.638Z] > authorizing via signed-in user
[debug] [2020-03-06T04:26:48.638Z] [iam] checking project jeopardy-270000 for permissions ["firebase.projects.get"]
[debug] [2020-03-06T04:26:48.639Z] >>> HTTP REQUEST POST https://cloudresourcemanager.googleapis.com/v1/projects/jeopardy-270000:testIamPermissions  

[debug] [2020-03-06T04:26:49.128Z] <<< HTTP RESPONSE 200
[debug] [2020-03-06T04:26:49.133Z] >>> HTTP REQUEST GET https://firebase.googleapis.com/v1beta1/projects/jeopardy-270000  
 
[debug] [2020-03-06T04:26:49.528Z] <<< HTTP RESPONSE 200
[debug] [2020-03-06T04:26:49.533Z] >>> HTTP REQUEST GET https://firebase.googleapis.com/v1beta1/projects/jeopardy-270000/webApps/-/config  
 
[debug] [2020-03-06T04:26:50.040Z] <<< HTTP RESPONSE 200
[info] i  hosting: Serving hosting files from: public
[info] +  hosting: Local server: http://localhost:5000
[debug] [2020-03-08T03:27:53.496Z] ----------------------------------------------------------------------
[debug] [2020-03-08T03:27:53.498Z] Command:       C:\Program Files\nodejs\node.exe C:\Program Files\nodejs\node_modules\firebase-tools\lib\bin\firebase.js serve --only hosting
[debug] [2020-03-08T03:27:53.498Z] CLI Version:   7.14.0
[debug] [2020-03-08T03:27:53.498Z] Platform:      win32
[debug] [2020-03-08T03:27:53.498Z] Node Version:  v12.11.0
[debug] [2020-03-08T03:27:53.499Z] Time:          Sat Mar 07 2020 22:27:53 GMT-0500 (Eastern Standard Time)
[debug] [2020-03-08T03:27:53.499Z] ----------------------------------------------------------------------
[debug] [2020-03-08T03:27:53.499Z] 
[debug] [2020-03-08T03:27:53.531Z] > command requires scopes: ["email","openid","https://www.googleapis.com/auth/cloudplatformprojects.readonly","https://www.googleapis.com/auth/firebase","https://www.googleapis.com/auth/cloud-platform"]
[debug] [2020-03-08T03:27:53.531Z] > authorizing via signed-in user
[debug] [2020-03-08T03:27:53.532Z] [iam] checking project jeopardy-270000 for permissions ["firebase.projects.get"]
[debug] [2020-03-08T03:27:53.533Z] > refreshing access token with scopes: ["email","https://www.googleapis.com/auth/cloud-platform","https://www.googleapis.com/auth/cloudplatformprojects.readonly","https://www.googleapis.com/auth/firebase","openid"]
[debug] [2020-03-08T03:27:53.533Z] >>> HTTP REQUEST POST https://www.googleapis.com/oauth2/v3/token  
 <request body omitted>
[debug] [2020-03-08T03:27:53.746Z] <<< HTTP RESPONSE 200
[debug] [2020-03-08T03:27:53.755Z] >>> HTTP REQUEST POST https://cloudresourcemanager.googleapis.com/v1/projects/jeopardy-270000:testIamPermissions  

[debug] [2020-03-08T03:27:54.078Z] <<< HTTP RESPONSE 200
[debug] [2020-03-08T03:27:54.079Z] >>> HTTP REQUEST GET https://firebase.googleapis.com/v1beta1/projects/jeopardy-270000  
 
[debug] [2020-03-08T03:27:54.515Z] <<< HTTP RESPONSE 200
[debug] [2020-03-08T03:27:54.516Z] >>> HTTP REQUEST GET https://firebase.googleapis.com/v1beta1/projects/jeopardy-270000/webApps/-/config  
 
[debug] [2020-03-08T03:27:55.087Z] <<< HTTP RESPONSE 200
[info] i  hosting: Serving hosting files from: public
[info] +  hosting: Local server: http://localhost:5000
[debug] [2020-03-08T03:31:55.811Z] ----------------------------------------------------------------------
[debug] [2020-03-08T03:31:55.813Z] Command:       C:\Program Files\nodejs\node.exe C:\Program Files\nodejs\node_modules\firebase-tools\lib\bin\firebase.js serve --only hosting
[debug] [2020-03-08T03:31:55.813Z] CLI Version:   7.14.0
[debug] [2020-03-08T03:31:55.813Z] Platform:      win32
[debug] [2020-03-08T03:31:55.813Z] Node Version:  v12.11.0
[debug] [2020-03-08T03:31:55.814Z] Time:          Sat Mar 07 2020 22:31:55 GMT-0500 (Eastern Standard Time)
[debug] [2020-03-08T03:31:55.814Z] ----------------------------------------------------------------------
[debug] [2020-03-08T03:31:55.815Z] 
[debug] [2020-03-08T03:31:55.822Z] > command requires scopes: ["email","openid","https://www.googleapis.com/auth/cloudplatformprojects.readonly","https://www.googleapis.com/auth/firebase","https://www.googleapis.com/auth/cloud-platform"]
[debug] [2020-03-08T03:31:55.823Z] > authorizing via signed-in user
[debug] [2020-03-08T03:31:55.823Z] [iam] checking project jeopardy-270000 for permissions ["firebase.projects.get"]
[debug] [2020-03-08T03:31:55.825Z] >>> HTTP REQUEST POST https://cloudresourcemanager.googleapis.com/v1/projects/jeopardy-270000:testIamPermissions  

[debug] [2020-03-08T03:31:56.118Z] <<< HTTP RESPONSE 200
[debug] [2020-03-08T03:31:56.119Z] >>> HTTP REQUEST GET https://firebase.googleapis.com/v1beta1/projects/jeopardy-270000  
 
[debug] [2020-03-08T03:31:56.393Z] <<< HTTP RESPONSE 200
[debug] [2020-03-08T03:31:56.394Z] >>> HTTP REQUEST GET https://firebase.googleapis.com/v1beta1/projects/jeopardy-270000/webApps/-/config  
 
[debug] [2020-03-08T03:31:56.885Z] <<< HTTP RESPONSE 200
[info] i  hosting: Serving hosting files from: build
[info] +  hosting: Local server: http://localhost:5000
